c:\users\joel\source\repos\streaming\streaming\streaming\x64\release\vc142.pdb
c:\users\joel\source\repos\streaming\streaming\streaming\x64\release\servercore.obj
c:\users\joel\source\repos\streaming\streaming\streaming\x64\release\sock.obj
c:\users\joel\source\repos\streaming\streaming\streaming\x64\release\server.obj
c:\users\joel\source\repos\streaming\streaming\streaming\x64\release\networking.obj
c:\users\joel\source\repos\streaming\streaming\streaming\x64\release\client.obj
c:\users\joel\source\repos\streaming\streaming\streaming\x64\release\recorder.obj
c:\users\joel\source\repos\streaming\streaming\streaming\x64\release\image.obj
c:\users\joel\source\repos\streaming\streaming\streaming\x64\release\clientcore.obj
c:\users\joel\source\repos\streaming\streaming\x64\release\streaming.exe
c:\users\joel\source\repos\streaming\streaming\x64\release\streaming.pdb
c:\users\joel\source\repos\streaming\streaming\x64\release\streaming.ipdb
c:\users\joel\source\repos\streaming\streaming\x64\release\streaming.iobj
c:\users\joel\source\repos\streaming\streaming\streaming\x64\release\streaming.tlog\cl.command.1.tlog
c:\users\joel\source\repos\streaming\streaming\streaming\x64\release\streaming.tlog\cl.read.1.tlog
c:\users\joel\source\repos\streaming\streaming\streaming\x64\release\streaming.tlog\cl.write.1.tlog
c:\users\joel\source\repos\streaming\streaming\streaming\x64\release\streaming.tlog\link.command.1.tlog
c:\users\joel\source\repos\streaming\streaming\streaming\x64\release\streaming.tlog\link.delete.1.tlog
c:\users\joel\source\repos\streaming\streaming\streaming\x64\release\streaming.tlog\link.read.1.tlog
c:\users\joel\source\repos\streaming\streaming\streaming\x64\release\streaming.tlog\link.write.1.tlog
c:\users\joel\source\repos\streaming\streaming\streaming\x64\release\streaming.tlog\streaming.write.1u.tlog
